# JRE version: Java(TM) SE Runtime Environment (8.0_101-b13) (build 1.8.0_101-b13)
# Java VM: Java HotSpot(TM) 64-Bit Server VM (25.101-b13 mixed mode windows-amd64 compressed oops)
Heap:
 PSYoungGen      total 114688K, used 56832K [0x00000000f5580000, 0x0000000100000000, 0x0000000100000000)
  eden space 56832K, 100% used [0x00000000f5580000,0x00000000f8d00000,0x00000000f8d00000)
  from space 57856K, 0% used [0x00000000f8d00000,0x00000000f8d00000,0x00000000fc580000)
  to   space 56832K, 0% used [0x00000000fc880000,0x00000000fc880000,0x0000000100000000)
 ParOldGen       total 349696K, used 349522K [0x00000000e0000000, 0x00000000f5580000, 0x00000000f5580000)
  object space 349696K, 99% used [0x00000000e0000000,0x00000000f5554810,0x00000000f5580000)
 Metaspace       used 172738K, capacity 178838K, committed 180992K, reserved 1208320K
  class space    used 21203K, capacity 22374K, committed 22784K, reserved 1048576K
GC Heap History (10 events):
Event: 990.774 GC heap after
Heap after GC invocations=2333 (full 2153):
 PSYoungGen      total 114688K, used 56830K [0x00000000f5580000, 0x0000000100000000, 0x0000000100000000)
  eden space 56832K, 99% used [0x00000000f5580000,0x00000000f8cffbc0,0x00000000f8d00000)
  from space 57856K, 0% used [0x00000000f8d00000,0x00000000f8d00000,0x00000000fc580000)
  to   space 56832K, 0% used [0x00000000fc880000,0x00000000fc880000,0x0000000100000000)
 ParOldGen       total 349696K, used 349519K [0x00000000e0000000, 0x00000000f5580000, 0x00000000f5580000)
  object space 349696K, 99% used [0x00000000e0000000,0x00000000f5553de8,0x00000000f5580000)
 Metaspace       used 172741K, capacity 178844K, committed 180992K, reserved 1208320K
  class space    used 21204K, capacity 22375K, committed 22784K, reserved 1048576K
}
Event: 990.774 GC heap before
{Heap before GC invocations=2334 (full 2154):
 PSYoungGen      total 114688K, used 56832K [0x00000000f5580000, 0x0000000100000000, 0x0000000100000000)
  eden space 56832K, 100% used [0x00000000f5580000,0x00000000f8d00000,0x00000000f8d00000)
  from space 57856K, 0% used [0x00000000f8d00000,0x00000000f8d00000,0x00000000fc580000)
  to   space 56832K, 0% used [0x00000000fc880000,0x00000000fc880000,0x0000000100000000)
 ParOldGen       total 349696K, used 349519K [0x00000000e0000000, 0x00000000f5580000, 0x00000000f5580000)
  object space 349696K, 99% used [0x00000000e0000000,0x00000000f5553de8,0x00000000f5580000)
 Metaspace       used 172741K, capacity 178844K, committed 180992K, reserved 1208320K
  class space    used 21204K, capacity 22375K, committed 22784K, reserved 1048576K
Event: 991.030 GC heap after
Heap after GC invocations=2334 (full 2154):
 PSYoungGen      total 114688K, used 56830K [0x00000000f5580000, 0x0000000100000000, 0x0000000100000000)
  eden space 56832K, 99% used [0x00000000f5580000,0x00000000f8cffbf0,0x00000000f8d00000)
  from space 57856K, 0% used [0x00000000f8d00000,0x00000000f8d00000,0x00000000fc580000)
  to   space 56832K, 0% used [0x00000000fc880000,0x00000000fc880000,0x0000000100000000)
 ParOldGen       total 349696K, used 349519K [0x00000000e0000000, 0x00000000f5580000, 0x00000000f5580000)
  object space 349696K, 99% used [0x00000000e0000000,0x00000000f5553da0,0x00000000f5580000)
 Metaspace       used 172741K, capacity 178844K, committed 180992K, reserved 1208320K
  class space    used 21204K, capacity 22375K, committed 22784K, reserved 1048576K
}
Event: 991.030 GC heap before
{Heap before GC invocations=2335 (full 2155):
 PSYoungGen      total 114688K, used 56832K [0x00000000f5580000, 0x0000000100000000, 0x0000000100000000)
  eden space 56832K, 100% used [0x00000000f5580000,0x00000000f8d00000,0x00000000f8d00000)
  from space 57856K, 0% used [0x00000000f8d00000,0x00000000f8d00000,0x00000000fc580000)
  to   space 56832K, 0% used [0x00000000fc880000,0x00000000fc880000,0x0000000100000000)
 ParOldGen       total 349696K, used 349519K [0x00000000e0000000, 0x00000000f5580000, 0x00000000f5580000)
  object space 349696K, 99% used [0x00000000e0000000,0x00000000f5553da0,0x00000000f5580000)
 Metaspace       used 172741K, capacity 178844K, committed 180992K, reserved 1208320K
  class space    used 21204K, capacity 22375K, committed 22784K, reserved 1048576K
Event: 991.302 GC heap after
Heap after GC invocations=2335 (full 2155):
 PSYoungGen      total 114688K, used 56831K [0x00000000f5580000, 0x0000000100000000, 0x0000000100000000)
  eden space 56832K, 99% used [0x00000000f5580000,0x00000000f8cffd30,0x00000000f8d00000)
  from space 57856K, 0% used [0x00000000f8d00000,0x00000000f8d00000,0x00000000fc580000)
  to   space 56832K, 0% used [0x00000000fc880000,0x00000000fc880000,0x0000000100000000)
 ParOldGen       total 349696K, used 349519K [0x00000000e0000000, 0x00000000f5580000, 0x00000000f5580000)
  object space 349696K, 99% used [0x00000000e0000000,0x00000000f5553da0,0x00000000f5580000)
 Metaspace       used 172741K, capacity 178844K, committed 180992K, reserved 1208320K
  class space    used 21204K, capacity 22375K, committed 22784K, reserved 1048576K
}
Event: 991.302 GC heap before
{Heap before GC invocations=2336 (full 2156):
 PSYoungGen      total 114688K, used 56832K [0x00000000f5580000, 0x0000000100000000, 0x0000000100000000)
  eden space 56832K, 100% used [0x00000000f5580000,0x00000000f8d00000,0x00000000f8d00000)
  from space 57856K, 0% used [0x00000000f8d00000,0x00000000f8d00000,0x00000000fc580000)
  to   space 56832K, 0% used [0x00000000fc880000,0x00000000fc880000,0x0000000100000000)
 ParOldGen       total 349696K, used 349519K [0x00000000e0000000, 0x00000000f5580000, 0x00000000f5580000)
  object space 349696K, 99% used [0x00000000e0000000,0x00000000f5553da0,0x00000000f5580000)
 Metaspace       used 172741K, capacity 178844K, committed 180992K, reserved 1208320K
  class space    used 21204K, capacity 22375K, committed 22784K, reserved 1048576K
Event: 991.562 GC heap after
Heap after GC invocations=2336 (full 2156):
 PSYoungGen      total 114688K, used 56831K [0x00000000f5580000, 0x0000000100000000, 0x0000000100000000)
  eden space 56832K, 99% used [0x00000000f5580000,0x00000000f8cffe70,0x00000000f8d00000)
  from space 57856K, 0% used [0x00000000f8d00000,0x00000000f8d00000,0x00000000fc580000)
  to   space 56832K, 0% used [0x00000000fc880000,0x00000000fc880000,0x0000000100000000)
 ParOldGen       total 349696K, used 349519K [0x00000000e0000000, 0x00000000f5580000, 0x00000000f5580000)
  object space 349696K, 99% used [0x00000000e0000000,0x00000000f5553da0,0x00000000f5580000)
 Metaspace       used 172741K, capacity 178844K, committed 180992K, reserved 1208320K
  class space    used 21204K, capacity 22375K, committed 22784K, reserved 1048576K
}
Event: 991.562 GC heap before
{Heap before GC invocations=2337 (full 2157):
 PSYoungGen      total 114688K, used 56832K [0x00000000f5580000, 0x0000000100000000, 0x0000000100000000)
  eden space 56832K, 100% used [0x00000000f5580000,0x00000000f8d00000,0x00000000f8d00000)
  from space 57856K, 0% used [0x00000000f8d00000,0x00000000f8d00000,0x00000000fc580000)
  to   space 56832K, 0% used [0x00000000fc880000,0x00000000fc880000,0x0000000100000000)
 ParOldGen       total 349696K, used 349519K [0x00000000e0000000, 0x00000000f5580000, 0x00000000f5580000)
  object space 349696K, 99% used [0x00000000e0000000,0x00000000f5553da0,0x00000000f5580000)
 Metaspace       used 172741K, capacity 178844K, committed 180992K, reserved 1208320K
  class space    used 21204K, capacity 22375K, committed 22784K, reserved 1048576K
Event: 991.837 GC heap after
Heap after GC invocations=2337 (full 2157):
 PSYoungGen      total 114688K, used 56831K [0x00000000f5580000, 0x0000000100000000, 0x0000000100000000)
  eden space 56832K, 99% used [0x00000000f5580000,0x00000000f8cffd68,0x00000000f8d00000)
  from space 57856K, 0% used [0x00000000f8d00000,0x00000000f8d00000,0x00000000fc580000)
  to   space 56832K, 0% used [0x00000000fc880000,0x00000000fc880000,0x0000000100000000)
 ParOldGen       total 349696K, used 349518K [0x00000000e0000000, 0x00000000f5580000, 0x00000000f5580000)
  object space 349696K, 99% used [0x00000000e0000000,0x00000000f5553b60,0x00000000f5580000)
 Metaspace       used 172738K, capacity 178838K, committed 180992K, reserved 1208320K
  class space    used 21203K, capacity 22374K, committed 22784K, reserved 1048576K
}
Event: 991.837 GC heap before
{Heap before GC invocations=2338 (full 2158):
 PSYoungGen      total 114688K, used 56832K [0x00000000f5580000, 0x0000000100000000, 0x0000000100000000)
  eden space 56832K, 100% used [0x00000000f5580000,0x00000000f8d00000,0x00000000f8d00000)
  from space 57856K, 0% used [0x00000000f8d00000,0x00000000f8d00000,0x00000000fc580000)
  to   space 56832K, 0% used [0x00000000fc880000,0x00000000fc880000,0x0000000100000000)
 ParOldGen       total 349696K, used 349522K [0x00000000e0000000, 0x00000000f5580000, 0x00000000f5580000)
  object space 349696K, 99% used [0x00000000e0000000,0x00000000f5554810,0x00000000f5580000)
 Metaspace       used 172738K, capacity 178838K, committed 180992K, reserved 1208320K
  class space    used 21203K, capacity 22374K, committed 22784K, reserved 1048576K

